# JRE version: OpenJDK Runtime Environment Temurin-21.0.10+7 (21.0.10+7) (build 21.0.10+7-LTS)
# Java VM: OpenJDK 64-Bit Server VM Temurin-21.0.10+7 (21.0.10+7-LTS, mixed mode, sharing, tiered, compressed oops, compressed class ptrs, parallel gc, windows-amd64)
GC Precious Log:
 CardTable entry size: 512
 CPUs: 32 total, 32 available
 Memory: 32468M
 Large Page Support: Disabled
 NUMA Support: Disabled
 Compressed Oops: Enabled (32-bit)
 Alignments: Space 512K, Generation 512K, Heap 2M
 Heap Min Capacity: 100M
 Heap Initial Capacity: 100M
 Heap Max Capacity: 2G
 Pre-touch: Disabled
 Parallel Workers: 23
Heap:
 PSYoungGen      total 16896K, used 14026K [0x00000000d5580000, 0x00000000d6780000, 0x0000000100000000)
  eden space 15360K, 84% used [0x00000000d5580000,0x00000000d622d300,0x00000000d6480000)
  from space 1536K, 68% used [0x00000000d6480000,0x00000000d6585658,0x00000000d6600000)
  to   space 1536K, 0% used [0x00000000d6600000,0x00000000d6600000,0x00000000d6780000)
 ParOldGen       total 68608K, used 51341K [0x0000000080000000, 0x0000000084300000, 0x00000000d5580000)
  object space 68608K, 74% used [0x0000000080000000,0x0000000083223618,0x0000000084300000)
 Metaspace       used 61213K, committed 62592K, reserved 1114112K
  class space    used 6639K, committed 7232K, reserved 1048576K
GC Heap History (20 events):
Event: 30.279 GC heap before
{Heap before GC invocations=39 (full 2):
 PSYoungGen      total 16896K, used 16423K [0x00000000d5580000, 0x00000000d6800000, 0x0000000100000000)
  eden space 15360K, 100% used [0x00000000d5580000,0x00000000d6480000,0x00000000d6480000)
  from space 1536K, 69% used [0x00000000d6680000,0x00000000d6789f30,0x00000000d6800000)
  to   space 1536K, 0% used [0x00000000d6500000,0x00000000d6500000,0x00000000d6680000)
 ParOldGen       total 68608K, used 51104K [0x0000000080000000, 0x0000000084300000, 0x00000000d5580000)
  object space 68608K, 74% used [0x0000000080000000,0x00000000831e83a8,0x0000000084300000)
 Metaspace       used 56788K, committed 58240K, reserved 1114112K
  class space    used 6230K, committed 6848K, reserved 1048576K
}
Event: 30.280 GC heap after
{Heap after GC invocations=39 (full 2):
 PSYoungGen      total 16896K, used 1535K [0x00000000d5580000, 0x00000000d6a80000, 0x0000000100000000)
  eden space 15360K, 0% used [0x00000000d5580000,0x00000000d5580000,0x00000000d6480000)
  from space 1536K, 99% used [0x00000000d6500000,0x00000000d667fda0,0x00000000d6680000)
  to   space 3072K, 0% used [0x00000000d6780000,0x00000000d6780000,0x00000000d6a80000)
 ParOldGen       total 68608K, used 52163K [0x0000000080000000, 0x0000000084300000, 0x00000000d5580000)
  object space 68608K, 76% used [0x0000000080000000,0x00000000832f0d48,0x0000000084300000)
 Metaspace       used 56788K, committed 58240K, reserved 1114112K
  class space    used 6230K, committed 6848K, reserved 1048576K
}
Event: 30.302 GC heap before
{Heap before GC invocations=40 (full 2):
 PSYoungGen      total 16896K, used 16895K [0x00000000d5580000, 0x00000000d6a80000, 0x0000000100000000)
  eden space 15360K, 100% used [0x00000000d5580000,0x00000000d6480000,0x00000000d6480000)
  from space 1536K, 99% used [0x00000000d6500000,0x00000000d667fda0,0x00000000d6680000)
  to   space 3072K, 0% used [0x00000000d6780000,0x00000000d6780000,0x00000000d6a80000)
 ParOldGen       total 68608K, used 52163K [0x0000000080000000, 0x0000000084300000, 0x00000000d5580000)
  object space 68608K, 76% used [0x0000000080000000,0x00000000832f0d48,0x0000000084300000)
 Metaspace       used 56800K, committed 58240K, reserved 1114112K
  class space    used 6230K, committed 6848K, reserved 1048576K
}
Event: 30.304 GC heap after
{Heap after GC invocations=40 (full 2):
 PSYoungGen      total 16896K, used 1232K [0x00000000d5580000, 0x00000000d6900000, 0x0000000100000000)
  eden space 15360K, 0% used [0x00000000d5580000,0x00000000d5580000,0x00000000d6480000)
  from space 1536K, 80% used [0x00000000d6780000,0x00000000d68b4300,0x00000000d6900000)
  to   space 2048K, 0% used [0x00000000d6500000,0x00000000d6500000,0x00000000d6700000)
 ParOldGen       total 68608K, used 53148K [0x0000000080000000, 0x0000000084300000, 0x00000000d5580000)
  object space 68608K, 77% used [0x0000000080000000,0x00000000833e7368,0x0000000084300000)
 Metaspace       used 56800K, committed 58240K, reserved 1114112K
  class space    used 6230K, committed 6848K, reserved 1048576K
}
Event: 30.332 GC heap before
{Heap before GC invocations=41 (full 2):
 PSYoungGen      total 16896K, used 16592K [0x00000000d5580000, 0x00000000d6900000, 0x0000000100000000)
  eden space 15360K, 100% used [0x00000000d5580000,0x00000000d6480000,0x00000000d6480000)
  from space 1536K, 80% used [0x00000000d6780000,0x00000000d68b4300,0x00000000d6900000)
  to   space 2048K, 0% used [0x00000000d6500000,0x00000000d6500000,0x00000000d6700000)
 ParOldGen       total 68608K, used 53148K [0x0000000080000000, 0x0000000084300000, 0x00000000d5580000)
  object space 68608K, 77% used [0x0000000080000000,0x00000000833e7368,0x0000000084300000)
 Metaspace       used 57416K, committed 58816K, reserved 1114112K
  class space    used 6285K, committed 6848K, reserved 1048576K
}
Event: 30.333 GC heap after
{Heap after GC invocations=41 (full 2):
 PSYoungGen      total 17408K, used 544K [0x00000000d5580000, 0x00000000d6800000, 0x0000000100000000)
  eden space 15360K, 0% used [0x00000000d5580000,0x00000000d5580000,0x00000000d6480000)
  from space 2048K, 26% used [0x00000000d6500000,0x00000000d6588000,0x00000000d6700000)
  to   space 1024K, 0% used [0x00000000d6700000,0x00000000d6700000,0x00000000d6800000)
 ParOldGen       total 68608K, used 53180K [0x0000000080000000, 0x0000000084300000, 0x00000000d5580000)
  object space 68608K, 77% used [0x0000000080000000,0x00000000833ef368,0x0000000084300000)
 Metaspace       used 57416K, committed 58816K, reserved 1114112K
  class space    used 6285K, committed 6848K, reserved 1048576K
}
Event: 30.417 GC heap before
{Heap before GC invocations=42 (full 2):
 PSYoungGen      total 17408K, used 4534K [0x00000000d5580000, 0x00000000d6800000, 0x0000000100000000)
  eden space 15360K, 25% used [0x00000000d5580000,0x00000000d5965ac0,0x00000000d6480000)
  from space 2048K, 26% used [0x00000000d6500000,0x00000000d6588000,0x00000000d6700000)
  to   space 1024K, 0% used [0x00000000d6700000,0x00000000d6700000,0x00000000d6800000)
 ParOldGen       total 68608K, used 53180K [0x0000000080000000, 0x0000000084300000, 0x00000000d5580000)
  object space 68608K, 77% used [0x0000000080000000,0x00000000833ef368,0x0000000084300000)
 Metaspace       used 58380K, committed 59776K, reserved 1114112K
  class space    used 6348K, committed 6976K, reserved 1048576K
}
Event: 30.418 GC heap after
{Heap after GC invocations=42 (full 2):
 PSYoungGen      total 16384K, used 608K [0x00000000d5580000, 0x00000000d6800000, 0x0000000100000000)
  eden space 15360K, 0% used [0x00000000d5580000,0x00000000d5580000,0x00000000d6480000)
  from space 1024K, 59% used [0x00000000d6700000,0x00000000d6798010,0x00000000d6800000)
  to   space 1024K, 0% used [0x00000000d6600000,0x00000000d6600000,0x00000000d6700000)
 ParOldGen       total 68608K, used 53276K [0x0000000080000000, 0x0000000084300000, 0x00000000d5580000)
  object space 68608K, 77% used [0x0000000080000000,0x0000000083407368,0x0000000084300000)
 Metaspace       used 58380K, committed 59776K, reserved 1114112K
  class space    used 6348K, committed 6976K, reserved 1048576K
}
Event: 30.418 GC heap before
{Heap before GC invocations=43 (full 3):
 PSYoungGen      total 16384K, used 608K [0x00000000d5580000, 0x00000000d6800000, 0x0000000100000000)
  eden space 15360K, 0% used [0x00000000d5580000,0x00000000d5580000,0x00000000d6480000)
  from space 1024K, 59% used [0x00000000d6700000,0x00000000d6798010,0x00000000d6800000)
  to   space 1024K, 0% used [0x00000000d6600000,0x00000000d6600000,0x00000000d6700000)
 ParOldGen       total 68608K, used 53276K [0x0000000080000000, 0x0000000084300000, 0x00000000d5580000)
  object space 68608K, 77% used [0x0000000080000000,0x0000000083407368,0x0000000084300000)
 Metaspace       used 58380K, committed 59776K, reserved 1114112K
  class space    used 6348K, committed 6976K, reserved 1048576K
}
Event: 30.461 GC heap after
{Heap after GC invocations=43 (full 3):
 PSYoungGen      total 16384K, used 0K [0x00000000d5580000, 0x00000000d6800000, 0x0000000100000000)
  eden space 15360K, 0% used [0x00000000d5580000,0x00000000d5580000,0x00000000d6480000)
  from space 1024K, 0% used [0x00000000d6700000,0x00000000d6700000,0x00000000d6800000)
  to   space 1024K, 0% used [0x00000000d6600000,0x00000000d6600000,0x00000000d6700000)
 ParOldGen       total 68608K, used 48903K [0x0000000080000000, 0x0000000084300000, 0x00000000d5580000)
  object space 68608K, 71% used [0x0000000080000000,0x0000000082fc1f08,0x0000000084300000)
 Metaspace       used 58366K, committed 59776K, reserved 1114112K
  class space    used 6344K, committed 6976K, reserved 1048576K
}
Event: 30.567 GC heap before
{Heap before GC invocations=44 (full 3):
 PSYoungGen      total 16384K, used 15339K [0x00000000d5580000, 0x00000000d6800000, 0x0000000100000000)
  eden space 15360K, 99% used [0x00000000d5580000,0x00000000d647af60,0x00000000d6480000)
  from space 1024K, 0% used [0x00000000d6700000,0x00000000d6700000,0x00000000d6800000)
  to   space 1024K, 0% used [0x00000000d6600000,0x00000000d6600000,0x00000000d6700000)
 ParOldGen       total 68608K, used 48903K [0x0000000080000000, 0x0000000084300000, 0x00000000d5580000)
  object space 68608K, 71% used [0x0000000080000000,0x0000000082fc1f08,0x0000000084300000)
 Metaspace       used 58968K, committed 60352K, reserved 1114112K
  class space    used 6423K, committed 7040K, reserved 1048576K
}
Event: 30.568 GC heap after
{Heap after GC invocations=44 (full 3):
 PSYoungGen      total 16384K, used 608K [0x00000000d5580000, 0x00000000d6780000, 0x0000000100000000)
  eden space 15360K, 0% used [0x00000000d5580000,0x00000000d5580000,0x00000000d6480000)
  from space 1024K, 59% used [0x00000000d6600000,0x00000000d6698000,0x00000000d6700000)
  to   space 512K, 0% used [0x00000000d6700000,0x00000000d6700000,0x00000000d6780000)
 ParOldGen       total 68608K, used 48911K [0x0000000080000000, 0x0000000084300000, 0x00000000d5580000)
  object space 68608K, 71% used [0x0000000080000000,0x0000000082fc3f08,0x0000000084300000)
 Metaspace       used 58968K, committed 60352K, reserved 1114112K
  class space    used 6423K, committed 7040K, reserved 1048576K
}
Event: 30.657 GC heap before
{Heap before GC invocations=45 (full 3):
 PSYoungGen      total 16384K, used 15968K [0x00000000d5580000, 0x00000000d6780000, 0x0000000100000000)
  eden space 15360K, 100% used [0x00000000d5580000,0x00000000d6480000,0x00000000d6480000)
  from space 1024K, 59% used [0x00000000d6600000,0x00000000d6698000,0x00000000d6700000)
  to   space 512K, 0% used [0x00000000d6700000,0x00000000d6700000,0x00000000d6780000)
 ParOldGen       total 68608K, used 48911K [0x0000000080000000, 0x0000000084300000, 0x00000000d5580000)
  object space 68608K, 71% used [0x0000000080000000,0x0000000082fc3f08,0x0000000084300000)
 Metaspace       used 60000K, committed 61376K, reserved 1114112K
  class space    used 6524K, committed 7104K, reserved 1048576K
}
Event: 30.658 GC heap after
{Heap after GC invocations=45 (full 3):
 PSYoungGen      total 15872K, used 512K [0x00000000d5580000, 0x00000000d6780000, 0x0000000100000000)
  eden space 15360K, 0% used [0x00000000d5580000,0x00000000d5580000,0x00000000d6480000)
  from space 512K, 100% used [0x00000000d6700000,0x00000000d6780000,0x00000000d6780000)
  to   space 1024K, 0% used [0x00000000d6580000,0x00000000d6580000,0x00000000d6680000)
 ParOldGen       total 68608K, used 49167K [0x0000000080000000, 0x0000000084300000, 0x00000000d5580000)
  object space 68608K, 71% used [0x0000000080000000,0x0000000083003f08,0x0000000084300000)
 Metaspace       used 60000K, committed 61376K, reserved 1114112K
  class space    used 6524K, committed 7104K, reserved 1048576K
}
Event: 31.785 GC heap before
{Heap before GC invocations=46 (full 3):
 PSYoungGen      total 15872K, used 15871K [0x00000000d5580000, 0x00000000d6780000, 0x0000000100000000)
  eden space 15360K, 99% used [0x00000000d5580000,0x00000000d647ffc0,0x00000000d6480000)
  from space 512K, 100% used [0x00000000d6700000,0x00000000d6780000,0x00000000d6780000)
  to   space 1024K, 0% used [0x00000000d6580000,0x00000000d6580000,0x00000000d6680000)
 ParOldGen       total 68608K, used 49167K [0x0000000080000000, 0x0000000084300000, 0x00000000d5580000)
  object space 68608K, 71% used [0x0000000080000000,0x0000000083003f08,0x0000000084300000)
 Metaspace       used 61151K, committed 62528K, reserved 1114112K
  class space    used 6634K, committed 7232K, reserved 1048576K
}
Event: 31.786 GC heap after
{Heap after GC invocations=46 (full 3):
 PSYoungGen      total 16384K, used 1014K [0x00000000d5580000, 0x00000000d6780000, 0x0000000100000000)
  eden space 15360K, 0% used [0x00000000d5580000,0x00000000d5580000,0x00000000d6480000)
  from space 1024K, 99% used [0x00000000d6580000,0x00000000d667dbc8,0x00000000d6680000)
  to   space 1024K, 0% used [0x00000000d6680000,0x00000000d6680000,0x00000000d6780000)
 ParOldGen       total 68608K, used 49559K [0x0000000080000000, 0x0000000084300000, 0x00000000d5580000)
  object space 68608K, 72% used [0x0000000080000000,0x0000000083065f08,0x0000000084300000)
 Metaspace       used 61151K, committed 62528K, reserved 1114112K
  class space    used 6634K, committed 7232K, reserved 1048576K
}
Event: 31.995 GC heap before
{Heap before GC invocations=47 (full 3):
 PSYoungGen      total 16384K, used 16374K [0x00000000d5580000, 0x00000000d6780000, 0x0000000100000000)
  eden space 15360K, 100% used [0x00000000d5580000,0x00000000d6480000,0x00000000d6480000)
  from space 1024K, 99% used [0x00000000d6580000,0x00000000d667dbc8,0x00000000d6680000)
  to   space 1024K, 0% used [0x00000000d6680000,0x00000000d6680000,0x00000000d6780000)
 ParOldGen       total 68608K, used 49559K [0x0000000080000000, 0x0000000084300000, 0x00000000d5580000)
  object space 68608K, 72% used [0x0000000080000000,0x0000000083065f08,0x0000000084300000)
 Metaspace       used 61188K, committed 62592K, reserved 1114112K
  class space    used 6639K, committed 7232K, reserved 1048576K
}
Event: 31.996 GC heap after
{Heap after GC invocations=47 (full 3):
 PSYoungGen      total 16384K, used 1015K [0x00000000d5580000, 0x00000000d6880000, 0x0000000100000000)
  eden space 15360K, 0% used [0x00000000d5580000,0x00000000d5580000,0x00000000d6480000)
  from space 1024K, 99% used [0x00000000d6680000,0x00000000d677df18,0x00000000d6780000)
  to   space 2048K, 0% used [0x00000000d6480000,0x00000000d6480000,0x00000000d6680000)
 ParOldGen       total 68608K, used 50461K [0x0000000080000000, 0x0000000084300000, 0x00000000d5580000)
  object space 68608K, 73% used [0x0000000080000000,0x0000000083147578,0x0000000084300000)
 Metaspace       used 61188K, committed 62592K, reserved 1114112K
  class space    used 6639K, committed 7232K, reserved 1048576K
}
Event: 32.392 GC heap before
{Heap before GC invocations=48 (full 3):
 PSYoungGen      total 16384K, used 16375K [0x00000000d5580000, 0x00000000d6880000, 0x0000000100000000)
  eden space 15360K, 100% used [0x00000000d5580000,0x00000000d6480000,0x00000000d6480000)
  from space 1024K, 99% used [0x00000000d6680000,0x00000000d677df18,0x00000000d6780000)
  to   space 2048K, 0% used [0x00000000d6480000,0x00000000d6480000,0x00000000d6680000)
 ParOldGen       total 68608K, used 50461K [0x0000000080000000, 0x0000000084300000, 0x00000000d5580000)
  object space 68608K, 73% used [0x0000000080000000,0x0000000083147578,0x0000000084300000)
 Metaspace       used 61211K, committed 62592K, reserved 1114112K
  class space    used 6639K, committed 7232K, reserved 1048576K
}
Event: 32.394 GC heap after
{Heap after GC invocations=48 (full 3):
 PSYoungGen      total 16896K, used 1045K [0x00000000d5580000, 0x00000000d6780000, 0x0000000100000000)
  eden space 15360K, 0% used [0x00000000d5580000,0x00000000d5580000,0x00000000d6480000)
  from space 1536K, 68% used [0x00000000d6480000,0x00000000d6585658,0x00000000d6600000)
  to   space 1536K, 0% used [0x00000000d6600000,0x00000000d6600000,0x00000000d6780000)
 ParOldGen       total 68608K, used 51341K [0x0000000080000000, 0x0000000084300000, 0x00000000d5580000)
  object space 68608K, 74% used [0x0000000080000000,0x0000000083223618,0x0000000084300000)
 Metaspace       used 61211K, committed 62592K, reserved 1114112K
  class space    used 6639K, committed 7232K, reserved 1048576K
}

