# JRE version: OpenJDK Runtime Environment Temurin-21.0.10+7 (21.0.10+7) (build 21.0.10+7-LTS)
# Java VM: OpenJDK 64-Bit Server VM Temurin-21.0.10+7 (21.0.10+7-LTS, mixed mode, sharing, tiered, compressed oops, compressed class ptrs, parallel gc, windows-amd64)
GC Precious Log:
 CardTable entry size: 512
 CPUs: 32 total, 32 available
 Memory: 32468M
 Large Page Support: Disabled
 NUMA Support: Disabled
 Compressed Oops: Enabled (32-bit)
 Alignments: Space 512K, Generation 512K, Heap 2M
 Heap Min Capacity: 100M
 Heap Initial Capacity: 100M
 Heap Max Capacity: 2G
 Pre-touch: Disabled
 Parallel Workers: 23
Heap:
 PSYoungGen      total 4608K, used 3450K [0x00000000d5580000, 0x00000000d5b80000, 0x0000000100000000)
  eden space 4096K, 71% used [0x00000000d5580000,0x00000000d585eb38,0x00000000d5980000)
  from space 512K, 100% used [0x00000000d5a00000,0x00000000d5a80000,0x00000000d5a80000)
  to   space 1024K, 0% used [0x00000000d5a80000,0x00000000d5a80000,0x00000000d5b80000)
 ParOldGen       total 317440K, used 316950K [0x0000000080000000, 0x0000000093600000, 0x00000000d5580000)
  object space 317440K, 99% used [0x0000000080000000,0x0000000093585820,0x0000000093600000)
 Metaspace       used 90444K, committed 92480K, reserved 1179648K
  class space    used 9353K, committed 10240K, reserved 1048576K
GC Heap History (20 events):
Event: 613.802 GC heap before
{Heap before GC invocations=466 (full 5):
 PSYoungGen      total 5120K, used 4576K [0x00000000d5580000, 0x00000000d5b00000, 0x0000000100000000)
  eden space 4096K, 100% used [0x00000000d5580000,0x00000000d5980000,0x00000000d5980000)
  from space 1024K, 46% used [0x00000000d5980000,0x00000000d59f8000,0x00000000d5a80000)
  to   space 512K, 0% used [0x00000000d5a80000,0x00000000d5a80000,0x00000000d5b00000)
 ParOldGen       total 312832K, used 312782K [0x0000000080000000, 0x0000000093180000, 0x00000000d5580000)
  object space 312832K, 99% used [0x0000000080000000,0x0000000093173828,0x0000000093180000)
 Metaspace       used 88231K, committed 90240K, reserved 1179648K
  class space    used 9074K, committed 9984K, reserved 1048576K
}
Event: 613.803 GC heap after
{Heap after GC invocations=466 (full 5):
 PSYoungGen      total 4608K, used 448K [0x00000000d5580000, 0x00000000d5b00000, 0x0000000100000000)
  eden space 4096K, 0% used [0x00000000d5580000,0x00000000d5580000,0x00000000d5980000)
  from space 512K, 87% used [0x00000000d5a80000,0x00000000d5af0000,0x00000000d5b00000)
  to   space 512K, 0% used [0x00000000d5a00000,0x00000000d5a00000,0x00000000d5a80000)
 ParOldGen       total 313344K, used 312974K [0x0000000080000000, 0x0000000093200000, 0x00000000d5580000)
  object space 313344K, 99% used [0x0000000080000000,0x00000000931a3828,0x0000000093200000)
 Metaspace       used 88231K, committed 90240K, reserved 1179648K
  class space    used 9074K, committed 9984K, reserved 1048576K
}
Event: 613.836 GC heap before
{Heap before GC invocations=467 (full 5):
 PSYoungGen      total 4608K, used 4544K [0x00000000d5580000, 0x00000000d5b00000, 0x0000000100000000)
  eden space 4096K, 100% used [0x00000000d5580000,0x00000000d5980000,0x00000000d5980000)
  from space 512K, 87% used [0x00000000d5a80000,0x00000000d5af0000,0x00000000d5b00000)
  to   space 512K, 0% used [0x00000000d5a00000,0x00000000d5a00000,0x00000000d5a80000)
 ParOldGen       total 313344K, used 312974K [0x0000000080000000, 0x0000000093200000, 0x00000000d5580000)
  object space 313344K, 99% used [0x0000000080000000,0x00000000931a3828,0x0000000093200000)
 Metaspace       used 88653K, committed 90688K, reserved 1179648K
  class space    used 9107K, committed 10048K, reserved 1048576K
}
Event: 613.837 GC heap after
{Heap after GC invocations=467 (full 5):
 PSYoungGen      total 4608K, used 512K [0x00000000d5580000, 0x00000000d5b80000, 0x0000000100000000)
  eden space 4096K, 0% used [0x00000000d5580000,0x00000000d5580000,0x00000000d5980000)
  from space 512K, 100% used [0x00000000d5a00000,0x00000000d5a80000,0x00000000d5a80000)
  to   space 1024K, 0% used [0x00000000d5a80000,0x00000000d5a80000,0x00000000d5b80000)
 ParOldGen       total 313344K, used 313174K [0x0000000080000000, 0x0000000093200000, 0x00000000d5580000)
  object space 313344K, 99% used [0x0000000080000000,0x00000000931d5838,0x0000000093200000)
 Metaspace       used 88653K, committed 90688K, reserved 1179648K
  class space    used 9107K, committed 10048K, reserved 1048576K
}
Event: 613.883 GC heap before
{Heap before GC invocations=468 (full 5):
 PSYoungGen      total 4608K, used 4608K [0x00000000d5580000, 0x00000000d5b80000, 0x0000000100000000)
  eden space 4096K, 100% used [0x00000000d5580000,0x00000000d5980000,0x00000000d5980000)
  from space 512K, 100% used [0x00000000d5a00000,0x00000000d5a80000,0x00000000d5a80000)
  to   space 1024K, 0% used [0x00000000d5a80000,0x00000000d5a80000,0x00000000d5b80000)
 ParOldGen       total 313344K, used 313174K [0x0000000080000000, 0x0000000093200000, 0x00000000d5580000)
  object space 313344K, 99% used [0x0000000080000000,0x00000000931d5838,0x0000000093200000)
 Metaspace       used 88900K, committed 90880K, reserved 1179648K
  class space    used 9137K, committed 10048K, reserved 1048576K
}
Event: 613.885 GC heap after
{Heap after GC invocations=468 (full 5):
 PSYoungGen      total 5120K, used 576K [0x00000000d5580000, 0x00000000d5b80000, 0x0000000100000000)
  eden space 4096K, 0% used [0x00000000d5580000,0x00000000d5580000,0x00000000d5980000)
  from space 1024K, 56% used [0x00000000d5a80000,0x00000000d5b10000,0x00000000d5b80000)
  to   space 1024K, 0% used [0x00000000d5980000,0x00000000d5980000,0x00000000d5a80000)
 ParOldGen       total 313856K, used 313470K [0x0000000080000000, 0x0000000093280000, 0x00000000d5580000)
  object space 313856K, 99% used [0x0000000080000000,0x000000009321f838,0x0000000093280000)
 Metaspace       used 88900K, committed 90880K, reserved 1179648K
  class space    used 9137K, committed 10048K, reserved 1048576K
}
Event: 613.913 GC heap before
{Heap before GC invocations=469 (full 5):
 PSYoungGen      total 5120K, used 4672K [0x00000000d5580000, 0x00000000d5b80000, 0x0000000100000000)
  eden space 4096K, 100% used [0x00000000d5580000,0x00000000d5980000,0x00000000d5980000)
  from space 1024K, 56% used [0x00000000d5a80000,0x00000000d5b10000,0x00000000d5b80000)
  to   space 1024K, 0% used [0x00000000d5980000,0x00000000d5980000,0x00000000d5a80000)
 ParOldGen       total 313856K, used 313470K [0x0000000080000000, 0x0000000093280000, 0x00000000d5580000)
  object space 313856K, 99% used [0x0000000080000000,0x000000009321f838,0x0000000093280000)
 Metaspace       used 89102K, committed 91200K, reserved 1179648K
  class space    used 9171K, committed 10112K, reserved 1048576K
}
Event: 613.915 GC heap after
{Heap after GC invocations=469 (full 5):
 PSYoungGen      total 5120K, used 1018K [0x00000000d5580000, 0x00000000d5c80000, 0x0000000100000000)
  eden space 4096K, 0% used [0x00000000d5580000,0x00000000d5580000,0x00000000d5980000)
  from space 1024K, 99% used [0x00000000d5980000,0x00000000d5a7ea40,0x00000000d5a80000)
  to   space 1536K, 0% used [0x00000000d5b00000,0x00000000d5b00000,0x00000000d5c80000)
 ParOldGen       total 313856K, used 313758K [0x0000000080000000, 0x0000000093280000, 0x00000000d5580000)
  object space 313856K, 99% used [0x0000000080000000,0x0000000093267838,0x0000000093280000)
 Metaspace       used 89102K, committed 91200K, reserved 1179648K
  class space    used 9171K, committed 10112K, reserved 1048576K
}
Event: 613.930 GC heap before
{Heap before GC invocations=470 (full 5):
 PSYoungGen      total 5120K, used 5106K [0x00000000d5580000, 0x00000000d5c80000, 0x0000000100000000)
  eden space 4096K, 99% used [0x00000000d5580000,0x00000000d597ded0,0x00000000d5980000)
  from space 1024K, 99% used [0x00000000d5980000,0x00000000d5a7ea40,0x00000000d5a80000)
  to   space 1536K, 0% used [0x00000000d5b00000,0x00000000d5b00000,0x00000000d5c80000)
 ParOldGen       total 313856K, used 313758K [0x0000000080000000, 0x0000000093280000, 0x00000000d5580000)
  object space 313856K, 99% used [0x0000000080000000,0x0000000093267838,0x0000000093280000)
 Metaspace       used 89242K, committed 91264K, reserved 1179648K
  class space    used 9190K, committed 10112K, reserved 1048576K
}
Event: 613.931 GC heap after
{Heap after GC invocations=470 (full 5):
 PSYoungGen      total 5120K, used 794K [0x00000000d5580000, 0x00000000d5c00000, 0x0000000100000000)
  eden space 4096K, 0% used [0x00000000d5580000,0x00000000d5580000,0x00000000d5980000)
  from space 1024K, 77% used [0x00000000d5b00000,0x00000000d5bc6900,0x00000000d5c00000)
  to   space 1024K, 0% used [0x00000000d5980000,0x00000000d5980000,0x00000000d5a80000)
 ParOldGen       total 314368K, used 314131K [0x0000000080000000, 0x0000000093300000, 0x00000000d5580000)
  object space 314368K, 99% used [0x0000000080000000,0x00000000932c4c28,0x0000000093300000)
 Metaspace       used 89242K, committed 91264K, reserved 1179648K
  class space    used 9190K, committed 10112K, reserved 1048576K
}
Event: 613.949 GC heap before
{Heap before GC invocations=471 (full 5):
 PSYoungGen      total 5120K, used 4890K [0x00000000d5580000, 0x00000000d5c00000, 0x0000000100000000)
  eden space 4096K, 100% used [0x00000000d5580000,0x00000000d5980000,0x00000000d5980000)
  from space 1024K, 77% used [0x00000000d5b00000,0x00000000d5bc6900,0x00000000d5c00000)
  to   space 1024K, 0% used [0x00000000d5980000,0x00000000d5980000,0x00000000d5a80000)
 ParOldGen       total 314368K, used 314131K [0x0000000080000000, 0x0000000093300000, 0x00000000d5580000)
  object space 314368K, 99% used [0x0000000080000000,0x00000000932c4c28,0x0000000093300000)
 Metaspace       used 89405K, committed 91456K, reserved 1179648K
  class space    used 9204K, committed 10112K, reserved 1048576K
}
Event: 613.951 GC heap after
{Heap after GC invocations=471 (full 5):
 PSYoungGen      total 5120K, used 1002K [0x00000000d5580000, 0x00000000d5d80000, 0x0000000100000000)
  eden space 4096K, 0% used [0x00000000d5580000,0x00000000d5580000,0x00000000d5980000)
  from space 1024K, 97% used [0x00000000d5980000,0x00000000d5a7aa48,0x00000000d5a80000)
  to   space 2048K, 0% used [0x00000000d5b80000,0x00000000d5b80000,0x00000000d5d80000)
 ParOldGen       total 314880K, used 314763K [0x0000000080000000, 0x0000000093380000, 0x00000000d5580000)
  object space 314880K, 99% used [0x0000000080000000,0x0000000093362e48,0x0000000093380000)
 Metaspace       used 89405K, committed 91456K, reserved 1179648K
  class space    used 9204K, committed 10112K, reserved 1048576K
}
Event: 614.009 GC heap before
{Heap before GC invocations=472 (full 5):
 PSYoungGen      total 5120K, used 5098K [0x00000000d5580000, 0x00000000d5d80000, 0x0000000100000000)
  eden space 4096K, 100% used [0x00000000d5580000,0x00000000d5980000,0x00000000d5980000)
  from space 1024K, 97% used [0x00000000d5980000,0x00000000d5a7aa48,0x00000000d5a80000)
  to   space 2048K, 0% used [0x00000000d5b80000,0x00000000d5b80000,0x00000000d5d80000)
 ParOldGen       total 314880K, used 314763K [0x0000000080000000, 0x0000000093380000, 0x00000000d5580000)
  object space 314880K, 99% used [0x0000000080000000,0x0000000093362e48,0x0000000093380000)
 Metaspace       used 89670K, committed 91712K, reserved 1179648K
  class space    used 9234K, committed 10176K, reserved 1048576K
}
Event: 614.011 GC heap after
{Heap after GC invocations=472 (full 5):
 PSYoungGen      total 5120K, used 892K [0x00000000d5580000, 0x00000000d5c80000, 0x0000000100000000)
  eden space 4096K, 0% used [0x00000000d5580000,0x00000000d5580000,0x00000000d5980000)
  from space 1024K, 87% used [0x00000000d5b80000,0x00000000d5c5f2b0,0x00000000d5c80000)
  to   space 1536K, 0% used [0x00000000d5980000,0x00000000d5980000,0x00000000d5b00000)
 ParOldGen       total 315904K, used 315684K [0x0000000080000000, 0x0000000093480000, 0x00000000d5580000)
  object space 315904K, 99% used [0x0000000080000000,0x0000000093449150,0x0000000093480000)
 Metaspace       used 89670K, committed 91712K, reserved 1179648K
  class space    used 9234K, committed 10176K, reserved 1048576K
}
Event: 614.015 GC heap before
{Heap before GC invocations=473 (full 5):
 PSYoungGen      total 5120K, used 4988K [0x00000000d5580000, 0x00000000d5c80000, 0x0000000100000000)
  eden space 4096K, 100% used [0x00000000d5580000,0x00000000d5980000,0x00000000d5980000)
  from space 1024K, 87% used [0x00000000d5b80000,0x00000000d5c5f2b0,0x00000000d5c80000)
  to   space 1536K, 0% used [0x00000000d5980000,0x00000000d5980000,0x00000000d5b00000)
 ParOldGen       total 315904K, used 315684K [0x0000000080000000, 0x0000000093480000, 0x00000000d5580000)
  object space 315904K, 99% used [0x0000000080000000,0x0000000093449150,0x0000000093480000)
 Metaspace       used 89681K, committed 91712K, reserved 1179648K
  class space    used 9234K, committed 10176K, reserved 1048576K
}
Event: 614.017 GC heap after
{Heap after GC invocations=473 (full 5):
 PSYoungGen      total 5632K, used 640K [0x00000000d5580000, 0x00000000d5c00000, 0x0000000100000000)
  eden space 4096K, 0% used [0x00000000d5580000,0x00000000d5580000,0x00000000d5980000)
  from space 1536K, 41% used [0x00000000d5980000,0x00000000d5a20000,0x00000000d5b00000)
  to   space 1024K, 0% used [0x00000000d5b00000,0x00000000d5b00000,0x00000000d5c00000)
 ParOldGen       total 316416K, used 316345K [0x0000000080000000, 0x0000000093500000, 0x00000000d5580000)
  object space 316416K, 99% used [0x0000000080000000,0x00000000934ee560,0x0000000093500000)
 Metaspace       used 89681K, committed 91712K, reserved 1179648K
  class space    used 9234K, committed 10176K, reserved 1048576K
}
Event: 614.040 GC heap before
{Heap before GC invocations=474 (full 5):
 PSYoungGen      total 5632K, used 4736K [0x00000000d5580000, 0x00000000d5c00000, 0x0000000100000000)
  eden space 4096K, 100% used [0x00000000d5580000,0x00000000d5980000,0x00000000d5980000)
  from space 1536K, 41% used [0x00000000d5980000,0x00000000d5a20000,0x00000000d5b00000)
  to   space 1024K, 0% used [0x00000000d5b00000,0x00000000d5b00000,0x00000000d5c00000)
 ParOldGen       total 316416K, used 316345K [0x0000000080000000, 0x0000000093500000, 0x00000000d5580000)
  object space 316416K, 99% used [0x0000000080000000,0x00000000934ee560,0x0000000093500000)
 Metaspace       used 89766K, committed 91840K, reserved 1179648K
  class space    used 9239K, committed 10176K, reserved 1048576K
}
Event: 614.041 GC heap after
{Heap after GC invocations=474 (full 5):
 PSYoungGen      total 5120K, used 789K [0x00000000d5580000, 0x00000000d5c00000, 0x0000000100000000)
  eden space 4096K, 0% used [0x00000000d5580000,0x00000000d5580000,0x00000000d5980000)
  from space 1024K, 77% used [0x00000000d5b00000,0x00000000d5bc5558,0x00000000d5c00000)
  to   space 1024K, 0% used [0x00000000d5a00000,0x00000000d5a00000,0x00000000d5b00000)
 ParOldGen       total 316928K, used 316529K [0x0000000080000000, 0x0000000093580000, 0x00000000d5580000)
  object space 316928K, 99% used [0x0000000080000000,0x000000009351c560,0x0000000093580000)
 Metaspace       used 89766K, committed 91840K, reserved 1179648K
  class space    used 9239K, committed 10176K, reserved 1048576K
}
Event: 614.093 GC heap before
{Heap before GC invocations=475 (full 5):
 PSYoungGen      total 5120K, used 4885K [0x00000000d5580000, 0x00000000d5c00000, 0x0000000100000000)
  eden space 4096K, 100% used [0x00000000d5580000,0x00000000d5980000,0x00000000d5980000)
  from space 1024K, 77% used [0x00000000d5b00000,0x00000000d5bc5558,0x00000000d5c00000)
  to   space 1024K, 0% used [0x00000000d5a00000,0x00000000d5a00000,0x00000000d5b00000)
 ParOldGen       total 316928K, used 316529K [0x0000000080000000, 0x0000000093580000, 0x00000000d5580000)
  object space 316928K, 99% used [0x0000000080000000,0x000000009351c560,0x0000000093580000)
 Metaspace       used 90173K, committed 92224K, reserved 1179648K
  class space    used 9308K, committed 10240K, reserved 1048576K
}
Event: 614.094 GC heap after
{Heap after GC invocations=475 (full 5):
 PSYoungGen      total 4608K, used 512K [0x00000000d5580000, 0x00000000d5b80000, 0x0000000100000000)
  eden space 4096K, 0% used [0x00000000d5580000,0x00000000d5580000,0x00000000d5980000)
  from space 512K, 100% used [0x00000000d5a00000,0x00000000d5a80000,0x00000000d5a80000)
  to   space 1024K, 0% used [0x00000000d5a80000,0x00000000d5a80000,0x00000000d5b80000)
 ParOldGen       total 317440K, used 316950K [0x0000000080000000, 0x0000000093600000, 0x00000000d5580000)
  object space 317440K, 99% used [0x0000000080000000,0x0000000093585820,0x0000000093600000)
 Metaspace       used 90173K, committed 92224K, reserved 1179648K
  class space    used 9308K, committed 10240K, reserved 1048576K
}

